<?xml version="1.0" encoding="UTF-8"?>
<testng-results ignored="0" total="3" passed="3" failed="0" skipped="0">
  <reporter-output>
  </reporter-output>
  <suite started-at="2023-02-19T21:53:24 IST" name="Default suite" finished-at="2023-02-19T21:53:27 IST" duration-ms="3024">
    <groups>
    </groups>
    <test started-at="2023-02-19T21:53:24 IST" name="Default test" finished-at="2023-02-19T21:53:27 IST" duration-ms="3024">
      <class name="newTest.Library">
        <test-method signature="addBook(java.lang.String, java.lang.String)[pri:0, instance:newTest.Library@65b3f4a4]" started-at="2023-02-19T21:53:24 IST" name="addBook" data-provider="inputData" finished-at="2023-02-19T21:53:25 IST" duration-ms="1706" status="PASS">
          <params>
            <param index="0">
              <value>
                <![CDATA[ghfgfd]]>
              </value>
            </param>
            <param index="1">
              <value>
                <![CDATA[ghghg]]>
              </value>
            </param>
          </params>
          <reporter-output>
          </reporter-output>
        </test-method> <!-- addBook -->
        <test-method signature="addBook(java.lang.String, java.lang.String)[pri:0, instance:newTest.Library@65b3f4a4]" started-at="2023-02-19T21:53:25 IST" name="addBook" data-provider="inputData" finished-at="2023-02-19T21:53:26 IST" duration-ms="148" status="PASS">
          <params>
            <param index="0">
              <value>
                <![CDATA[g33hfgfd]]>
              </value>
            </param>
            <param index="1">
              <value>
                <![CDATA[gh33ghg]]>
              </value>
            </param>
          </params>
          <reporter-output>
          </reporter-output>
        </test-method> <!-- addBook -->
        <test-method signature="addBook(java.lang.String, java.lang.String)[pri:0, instance:newTest.Library@65b3f4a4]" started-at="2023-02-19T21:53:26 IST" name="addBook" data-provider="inputData" finished-at="2023-02-19T21:53:27 IST" duration-ms="1140" status="PASS">
          <params>
            <param index="0">
              <value>
                <![CDATA[ghfg44fd]]>
              </value>
            </param>
            <param index="1">
              <value>
                <![CDATA[ghg44hg]]>
              </value>
            </param>
          </params>
          <reporter-output>
          </reporter-output>
        </test-method> <!-- addBook -->
      </class> <!-- newTest.Library -->
    </test> <!-- Default test -->
  </suite> <!-- Default suite -->
</testng-results>
